309    Jed    LHR    2024-03-01    1    false
309    Jed    LHR    2024-06-20    1    false
309    YUL    DOH    2024-03-01    1    false
309    YUL    DOH    2024-06-20    1    false
309    YUL    DOH    2024-03-01    1    true
309    YUL    DOH    2024-06-20    1    true
309    JFK    LHR    2024-03-06    1    false
309    JFK    LHR    2024-03-06    1    false
309    JFK    LHR    2025-02-02    1    false
309    YUL    ATQ    2024-03-07    2    false
309    YUL    ATQ    2024-03-13    2    false
309    YUL    ATQ    2024-03-10    2    false
309    YUL    ATQ    2024-03-12    2    false
309    YUL    ATQ    2024-03-14    2    false
309    YUL    ATQ    2024-03-11    2    false
309    YUL    ATQ    2024-03-09    2    false
309    YUL    ATQ    2024-03-08    2    false
309    YUL    ATQ    2024-03-19    2    false
309    YUL    ATQ    2024-03-16    2    false
309    YUL    ATQ    2024-03-15    2    false
309    YUL    ATQ    2024-03-17    2    false
309    YUL    ATQ    2024-03-18    2    false
309    YUL    ATQ    2024-03-21    2    false
309    YUL    ATQ    2024-03-20    2    false
309    YUL    ATQ    2024-03-22    2    false
309    YUL    ATQ    2024-03-25    2    false
309    YUL    ATQ    2024-03-26    2    false
309    YUL    ATQ    2024-03-24    2    false
309    YUL    ATQ    2024-03-30    2    false
309    YUL    ATQ    2024-03-23    2    false
309    YUL    ATQ    2024-03-27    2    false
309    YUL    ATQ    2024-03-28    2    false
309    YUL    ATQ    2024-03-29    2    false
309    YUL    ATQ    2024-04-01    2    false
309    YUL    ATQ    2024-03-31    2    false
309    YUL    ATQ    2024-04-02    2    false
309    YUL    ATQ    2024-04-05    2    false
309    YUL    ATQ    2024-04-12    2    false
309    YUL    ATQ    2024-04-19    2    false
309    YUL    ATQ    2024-05-01    2    false
309    YUL    ATQ    2024-05-06    2    false
309    YUL    ATQ    2024-05-10    2    false
309    YUL    ATQ    2024-05-17    2    false
309    YUL    ATQ    2024-06-03    2    false
309    YUL    ATQ    2024-06-06    2    false
309    YUL    ATQ    2024-06-08    2    false
309    YUL    ATQ    2024-06-11    2    false
309    YUL    ATQ    2024-06-09    2    false
309    YUL    ATQ    2024-06-20    2    false
309    YUL    ATQ    2024-06-21    2    false
309    YUL    ATQ    2024-06-24    2    false
309    YUL    ATQ    2024-06-25    2    false
309    YUL    ATQ    2024-06-23    2    false
309    YUL    ATQ    2024-06-22    2    false
309    YUL    ATQ    2024-06-26    2    false
309    YUL    ATQ    2024-06-30    2    false
309    YUL    ATQ    2024-07-06    2    false
309    YUL    ATQ    2024-07-14    2    false
309    YUL    ATQ    2024-07-12    2    false
309    YUL    ATQ    2024-07-18    2    false
309    YUL    ATQ    2024-07-31    2    false
309    YUL    ATQ    2024-08-10    2    false
309    YUL    ATQ    2024-08-09    2    false
309    YUL    ATQ    2024-09-27    2    false
309    YUL    ATQ    2024-09-26    2    false
309    YUL    ATQ    2024-10-05    2    false
309    YUL    ATQ    2024-10-06    2    false
309    YUL    ATQ    2024-10-07    2    false
309    YUL    ATQ    2024-10-11    2    false
309    YUL    ATQ    2024-11-04    2    false
309    YUL    ATQ    2024-12-13    2    false
309    YUL    ATQ    2024-12-16    2    false
309    YUL    ATQ    2024-12-19    2    false
309    YUL    ATQ    2024-12-21    2    false
309    YUL    ATQ    2024-12-22    2    false
309    YUL    ATQ    2024-12-25    2    false
309    YUL    ATQ    2025-02-01    2    false
309    YUL    ATQ    2025-02-02    2    false
309    YUL    BER    2024-05-23    1    true
309    YUL    BER    2024-05-18    1    true
309    YUL    BER    2024-05-20    1    true
309    YUL    BER    2024-05-25    1    true
309    YUL    BER    2024-05-24    1    true
309    YUL    BER    2024-05-19    1    true
309    YUL    YYZ    2024-05-18    1    true
309    YUL    YYZ    2024-05-21    1    true
309    YUL    YYZ    2024-05-19    1    true
309    YUL    YYZ    2024-05-23    1    true
309    YUL    YYZ    2024-05-22    1    true
309    YUL    YYZ    2024-05-20    1    true
309    YUL    YYZ    2024-05-24    1    true
309    YUL    YYZ    2024-05-25    1    true
309    YUL    BER    2024-05-20    1    true
309    YUL    BER    2024-05-19    1    true
309    YUL    BER    2024-05-18    1    true
309    YUL    BER    2024-05-24    1    true
309    YUL    BER    2024-05-23    1    true
309    YUL    BER    2024-05-19    1    true
309    YUL    BER    2024-05-23    1    true
309    YUL    BER    2024-05-20    1    true
309    YUL    BER    2024-05-24    1    true
309    YUL    BER    2024-05-18    1    true
309    YUL    BER    2024-05-25    1    true
